Change Footprint: Footprint Not Found LTV-357
Change Footprint: Footprint Not Found LTV-357
Change Footprint: Footprint Not Found KLS2-301R-5.00-02P-2S (DG301R-5.0-02P-12)
Change Footprint: Footprint Not Found 74HC595
Change Footprint: Footprint Not Found 74HC595
Change Footprint: Footprint Not Found AM1D-1212SH
Change Footprint: Footprint Not Found CD74HC
Add Component: Footprint Not Found LTV-357
Add Component: Footprint Not Found LTV-357
Add Component: Footprint Not Found LTV-357
Add Component: Footprint Not Found CG0603MLC-24LEA
Add Component: Footprint Not Found CG0603MLC-24LEA
Add Component: Footprint Not Found CG0603MLC-24LEA
Add Component: Footprint Not Found CG0603MLC-24LEA
Add Component: Footprint Not Found CG0603MLC-24LEA
Add Component: Footprint Not Found CG0603MLC-24LEA
Add Component: Footprint Not Found CG0603MLC-24LEA
Add Component: Footprint Not Found CG0603MLC-24LEA
Add Component: Footprint Not Found CG0603MLC-24LEA
Add Component: Footprint Not Found CG0603MLC-24LEA
Add Component: Footprint Not Found CG0603MLC-24LEA
Add Component: Footprint Not Found CG0603MLC-24LEA
Add Component: Footprint Not Found CG0603MLC-24LEA
Add Component: Footprint Not Found CG0603MLC-24LEA
Add Component: Footprint Not Found CG0603MLC-24LEA
Add Component: Footprint Not Found CG0603MLC-24LEA
Add Component: Footprint Not Found DRB-37F
Add Pin To Net: Unknown Pin: Pin U1-1
Add Pin To Net: Unknown Pin: Pin U1-2
Add Pin To Net: Unknown Pin: Pin U1-3
Add Pin To Net: Unknown Pin: Pin U1-4
Add Pin To Net: Unknown Pin: Pin U2-1
Add Pin To Net: Unknown Pin: Pin U2-2
Add Pin To Net: Unknown Pin: Pin U2-3
Add Pin To Net: Unknown Pin: Pin U2-4
Add Pin To Net: Unknown Pin: Pin U15-1
Add Pin To Net: Unknown Pin: Pin U15-2
Add Pin To Net: Unknown Pin: Pin U15-3
Add Pin To Net: Unknown Pin: Pin U15-4
Add Pin To Net: Unknown Pin: Pin U34-5
Add Pin To Net: Unknown Pin: Pin U34-6
Add Pin To Net: Unknown Pin: Pin U34-7
Add Pin To Net: Unknown Pin: Pin U34-8
Add Pin To Net: Unknown Pin: Pin U34-9
Add Pin To Net: Unknown Pin: Pin U34-10
Add Pin To Net: Unknown Pin: Pin U34-11
Add Pin To Net: Unknown Pin: Pin U34-12
Add Pin To Net: Unknown Pin: Pin U34-13
Add Pin To Net: Unknown Pin: Pin U34-14
Add Pin To Net: Unknown Pin: Pin U34-15
Add Pin To Net: Unknown Pin: Pin U34-16
Add Pin To Net: Unknown Pin: Pin U34-17
Add Pin To Net: Unknown Pin: Pin U34-18
Add Pin To Net: Unknown Pin: Pin U34-19
Add Pin To Net: Unknown Pin: Pin U34-20
Add Pin To Net: Unknown Pin: Pin U34-21
Add Pin To Net: Unknown Pin: Pin U34-22
Add Pin To Net: Unknown Pin: Pin U34-23
Add Pin To Net: Unknown Pin: Pin U34-24
Add Pin To Net: Unknown Pin: Pin U35-5
Add Pin To Net: Unknown Pin: Pin U35-6
Add Pin To Net: Unknown Pin: Pin U35-7
Add Pin To Net: Unknown Pin: Pin U35-8
Add Pin To Net: Unknown Pin: Pin U35-10
Add Pin To Net: Unknown Pin: Pin U35-11
Add Pin To Net: Unknown Pin: Pin U35-12
Add Pin To Net: Unknown Pin: Pin U35-13
Add Pin To Net: Unknown Pin: Pin U35-14
Add Pin To Net: Unknown Pin: Pin U35-15
Add Pin To Net: Unknown Pin: Pin U35-16
Add Pin To Net: Unknown Pin: Pin U36-5
Add Pin To Net: Unknown Pin: Pin U36-6
Add Pin To Net: Unknown Pin: Pin U36-7
Add Pin To Net: Unknown Pin: Pin U36-8
Add Pin To Net: Unknown Pin: Pin U36-10
Add Pin To Net: Unknown Pin: Pin U36-11
Add Pin To Net: Unknown Pin: Pin U36-12
Add Pin To Net: Unknown Pin: Pin U36-13
Add Pin To Net: Unknown Pin: Pin U36-14
Add Pin To Net: Unknown Pin: Pin U36-15
Add Pin To Net: Unknown Pin: Pin U36-16
Add Pin To Net: Unknown Pin: Pin VD1-1
Add Pin To Net: Unknown Pin: Pin VD1-2
Add Pin To Net: Unknown Pin: Pin VD2-1
Add Pin To Net: Unknown Pin: Pin VD2-2
Add Pin To Net: Unknown Pin: Pin VD3-1
Add Pin To Net: Unknown Pin: Pin VD3-2
Add Pin To Net: Unknown Pin: Pin VD4-1
Add Pin To Net: Unknown Pin: Pin VD4-2
Add Pin To Net: Unknown Pin: Pin VD5-1
Add Pin To Net: Unknown Pin: Pin VD5-2
Add Pin To Net: Unknown Pin: Pin VD6-1
Add Pin To Net: Unknown Pin: Pin VD6-2
Add Pin To Net: Unknown Pin: Pin VD7-1
Add Pin To Net: Unknown Pin: Pin VD7-2
Add Pin To Net: Unknown Pin: Pin VD8-1
Add Pin To Net: Unknown Pin: Pin VD8-2
Add Pin To Net: Unknown Pin: Pin VD9-1
Add Pin To Net: Unknown Pin: Pin VD9-2
Add Pin To Net: Unknown Pin: Pin VD10-1
Add Pin To Net: Unknown Pin: Pin VD10-2
Add Pin To Net: Unknown Pin: Pin VD11-1
Add Pin To Net: Unknown Pin: Pin VD11-2
Add Pin To Net: Unknown Pin: Pin VD12-1
Add Pin To Net: Unknown Pin: Pin VD12-2
Add Pin To Net: Unknown Pin: Pin VD13-1
Add Pin To Net: Unknown Pin: Pin VD13-2
Add Pin To Net: Unknown Pin: Pin VD14-1
Add Pin To Net: Unknown Pin: Pin VD14-2
Add Pin To Net: Unknown Pin: Pin VD15-1
Add Pin To Net: Unknown Pin: Pin VD15-2
Add Pin To Net: Unknown Pin: Pin VD16-1
Add Pin To Net: Unknown Pin: Pin VD16-2
Add Pin To Net: Unknown Pin: Pin XP1-1
Add Pin To Net: Unknown Pin: Pin XP1-2
Add Pin To Net: Unknown Pin: Pin XP1-3
Add Pin To Net: Unknown Pin: Pin XP1-4
Add Pin To Net: Unknown Pin: Pin XP1-5
Add Pin To Net: Unknown Pin: Pin XP1-6
Add Pin To Net: Unknown Pin: Pin XP1-7
Add Pin To Net: Unknown Pin: Pin XP1-8
Add Pin To Net: Unknown Pin: Pin XP1-9
Add Pin To Net: Unknown Pin: Pin XP1-11
Add Pin To Net: Unknown Pin: Pin XP1-12
Add Pin To Net: Unknown Pin: Pin XP1-13
Add Pin To Net: Unknown Pin: Pin XP1-14
Add Pin To Net: Unknown Pin: Pin XP1-15
Add Pin To Net: Unknown Pin: Pin XP1-16
Add Pin To Net: Unknown Pin: Pin XP1-17
Add Pin To Net: Unknown Pin: Pin XP1-18
Add Pin To Net: Unknown Pin: Pin XP1-20
Add Pin To Net: Unknown Pin: Pin XP1-21
Add Pin To Net: Unknown Pin: Pin XP1-22
Add Pin To Net: Unknown Pin: Pin XP1-23
Add Pin To Net: Unknown Pin: Pin XP1-24
Add Pin To Net: Unknown Pin: Pin XP1-25
Add Pin To Net: Unknown Pin: Pin XP1-26
Add Pin To Net: Unknown Pin: Pin XP1-27
Add Pin To Net: Unknown Pin: Pin XP1-28
Add Pin To Net: Unknown Pin: Pin XP1-29
Add Pin To Net: Unknown Pin: Pin XP1-30
Add Pin To Net: Unknown Pin: Pin XP1-31
Add Pin To Net: Unknown Pin: Pin XP1-32
Add Pin To Net: Unknown Pin: Pin XP1-33
Add Pin To Net: Unknown Pin: Pin XP1-34
Add Pin To Net: Unknown Pin: Pin XP1-35
Add Pin To Net: Unknown Pin: Pin XP1-36
Add Pin To Net: Unknown Pin: Pin XP1-37
Added Member To Class: ClassName=U_TU_PWR Member=Component C7 Cap_0603
Added Member To Class: ClassName=U_TU_PWR Member=Component C8 Cap_0603
Added Member To Class: ClassName=U_TU_ADV_SCH Member=Component PS1 MF-SMDF050-2
Added Member To Class: ClassName=U_TU_ADV_SCH Member=Component PS2 MF-SMDF050-2
Added Member To Class: ClassName=U_TU_ADV_SCH Member=Component PS3 MF-SMDF050-2
Added Member To Class: ClassName=U_TU_ADV_SCH Member=Component PS4 MF-SMDF050-2
Added Member To Class: ClassName=U_TU_ADV_SCH Member=Component PS5 MF-SMDF050-2
Added Member To Class: ClassName=U_TU_ADV_SCH Member=Component PS6 MF-SMDF050-2
Added Member To Class: ClassName=U_TU_ADV_SCH Member=Component PS7 MF-SMDF050-2
Added Member To Class: ClassName=U_TU_ADV_SCH Member=Component PS8 MF-SMDF050-2
Added Member To Class: ClassName=U_TU_ADV_SCH Member=Component PS9 MF-SMDF050-2
Added Member To Class: ClassName=U_TU_ADV_SCH Member=Component PS10 MF-SMDF050-2
Added Member To Class: ClassName=U_TU_ADV_SCH Member=Component PS11 MF-SMDF050-2
Added Member To Class: ClassName=U_TU_ADV_SCH Member=Component PS12 MF-SMDF050-2
Added Member To Class: ClassName=U_TU_ADV_SCH Member=Component PS13 MF-SMDF050-2
Added Member To Class: ClassName=U_TU_ADV_SCH Member=Component PS14 MF-SMDF050-2
Added Member To Class: ClassName=U_TU_ADV_SCH Member=Component PS15 MF-SMDF050-2
Added Member To Class: ClassName=U_TU_ADV_SCH Member=Component PS16 MF-SMDF050-2
Added Member To Class: ClassName=U_TU_ADV_SCH Member=Component R10
Added Member To Class: ClassName=U_TU_ADV_SCH Member=Component R11
Added Member To Class: ClassName=U_TU_ADV_SCH Member=Component R12
Added Member To Class: ClassName=U_TU_ADV_SCH Member=Component R13
Added Member To Class: ClassName=U_TU_ADV_SCH Member=Component R14
Added Member To Class: ClassName=U_TU_ADV_SCH Member=Component R15
Added Member To Class: ClassName=U_TU_ADV_SCH Member=Component R16
Added Member To Class: ClassName=U_TU_ADV_SCH Member=Component R17
Added Member To Class: ClassName=U_TU_ADV_SCH Member=Component R18
Added Member To Class: ClassName=U_TU_ADV_SCH Member=Component R19
Added Member To Class: ClassName=U_TU_ADV_SCH Member=Component R20
Added Member To Class: ClassName=U_TU_ADV_SCH Member=Component R21
Added Member To Class: ClassName=U_TU_ADV_SCH Member=Component R22
Added Member To Class: ClassName=U_TU_ADV_SCH Member=Component R23
Added Member To Class: ClassName=U_TU_ADV_SCH Member=Component R24
Added Member To Class: ClassName=U_TU_ADV_SCH Member=Component R25
Added Member To Class: ClassName=U_TU_ADV_SCH Member=Component R26
Added Member To Class: ClassName=U_TU_ADV_SCH Member=Component R27
Added Member To Class: ClassName=U_TU_ADV_SCH Member=Component R28
Added Member To Class: ClassName=U_TU_ADV_SCH Member=Component R29
Added Member To Class: ClassName=U_TU_ADV_SCH Member=Component R30
Added Member To Class: ClassName=U_TU_ADV_SCH Member=Component R31
Added Member To Class: ClassName=U_TU_ADV_SCH Member=Component R32
Added Member To Class: ClassName=U_TU_ADV_SCH Member=Component R33
Added Member To Class: ClassName=U_TU_ADV_SCH Member=Component R34
Added Member To Class: ClassName=U_TU_ADV_SCH Member=Component R35
Added Member To Class: ClassName=U_TU_ADV_SCH Member=Component R36
Added Member To Class: ClassName=U_TU_ADV_SCH Member=Component R37
Added Member To Class: ClassName=U_TU_ADV_SCH Member=Component R38
Added Member To Class: ClassName=U_TU_ADV_SCH Member=Component R39
Added Member To Class: ClassName=U_TU_ADV_SCH Member=Component R40
Added Member To Class: ClassName=U_TU_ADV_SCH Member=Component R41
Added Member To Class: ClassName=U_TU_ADV_SCH Member=Component R42
Added Member To Class: ClassName=U_TU_ADV_SCH Member=Component R43
Added Member To Class: ClassName=U_TU_ADV_SCH Member=Component R44
Added Member To Class: ClassName=U_TU_ADV_SCH Member=Component R45
Added Member To Class: ClassName=U_TU_ADV_SCH Member=Component R46
Added Member To Class: ClassName=U_TU_ADV_SCH Member=Component R47
Added Member To Class: ClassName=U_TU_ADV_SCH Member=Component R48
Added Member To Class: ClassName=U_TU_ADV_SCH Member=Component R49
Added Member To Class: ClassName=U_TU_ADV_SCH Member=Component R50
Added Member To Class: ClassName=U_TU_ADV_SCH Member=Component R51
Added Member To Class: ClassName=U_TU_ADV_SCH Member=Component R52
Added Member To Class: ClassName=U_TU_ADV_SCH Member=Component R53
Added Member To Class: ClassName=U_TU_ADV_SCH Member=Component R54
Added Member To Class: ClassName=U_TU_ADV_SCH Member=Component R55
Added Member To Class: ClassName=U_TU_ADV_SCH Member=Component R56
Added Member To Class: ClassName=U_TU_ADV_SCH Member=Component R57
Added Member To Class: ClassName=U_TU_ADV_SCH Member=Component R58
Added Member To Class: ClassName=U_TU_ADV_SCH Member=Component R59
Added Member To Class: ClassName=U_TU_ADV_SCH Member=Component R60
Added Member To Class: ClassName=U_TU_ADV_SCH Member=Component R61
Added Member To Class: ClassName=U_TU_ADV_SCH Member=Component R62
Added Member To Class: ClassName=U_TU_ADV_SCH Member=Component R63
Added Member To Class: ClassName=U_TU_ADV_SCH Member=Component R64
Added Member To Class: ClassName=U_TU_ADV_SCH Member=Component R65
Added Member To Class: ClassName=U_TU_ADV_SCH Member=Component R66
Added Member To Class: ClassName=U_TU_ADV_SCH Member=Component R67
Added Member To Class: ClassName=U_TU_ADV_SCH Member=Component R68
Added Member To Class: ClassName=U_TU_ADV_SCH Member=Component R69
Added Member To Class: ClassName=U_TU_ADV_SCH Member=Component R70
Added Member To Class: ClassName=U_TU_ADV_SCH Member=Component R71
Added Member To Class: ClassName=U_TU_ADV_SCH Member=Component R72
Added Member To Class: ClassName=U_TU_ADV_SCH Member=Component R73
Added Member To Class: ClassName=U_TU_ADV_SCH Member=Component R74
Added Member To Class: ClassName=U_TU_ADV_SCH Member=Component R75
Added Member To Class: ClassName=U_TU_ADV_SCH Member=Component R76
Added Member To Class: ClassName=U_TU_ADV_SCH Member=Component R77
Added Member To Class: ClassName=U_TU_ADV_SCH Member=Component R78
Added Member To Class: ClassName=U_TU_ADV_SCH Member=Component R79
Added Member To Class: ClassName=U_TU_ADV_SCH Member=Component R80
Added Member To Class: ClassName=U_TU_ADV_SCH Member=Component R81
Added Member To Class: ClassName=U_TU_ADV_SCH Member=Component R82
Added Member To Class: ClassName=U_TU_ADV_SCH Member=Component R84
Added Member To Class: ClassName=U_TU_ADV_SCH Member=Component R85
Added Member To Class: ClassName=U_TU_ADV_SCH Member=Component R86
Added Member To Class: ClassName=U_TU_ADV_SCH Member=Component R88
Added Member To Class: ClassName=U_TU_ADV_SCH Member=Component R89
Added Member To Class: ClassName=U_TU_ADV_SCH Member=Component R90
Added Member To Class: ClassName=U_TU_ADV_SCH Member=Component R92
Added Member To Class: ClassName=U_TU_ADV_SCH Member=Component R93
Added Member To Class: ClassName=U_TU_ADV_SCH Member=Component R94
Added Member To Class: ClassName=U_TU_ADV_SCH Member=Component R96
Added Member To Class: ClassName=U_TU_ADV_SCH Member=Component R97
Added Member To Class: ClassName=U_TU_ADV_SCH Member=Component R98
Added Member To Class: ClassName=U_TU_ADV_SCH Member=Component R100
Added Member To Class: ClassName=U_TU_ADV_SCH Member=Component R101
Added Member To Class: ClassName=U_TU_ADV_SCH Member=Component R102
Added Member To Class: ClassName=U_TU_ADV_SCH Member=Component R104
Added Member To Class: ClassName=U_TU_ADV_SCH Member=Component R105
Added Member To Class: ClassName=U_TU_ADV_SCH Member=Component R106
Added Member To Class: ClassName=U_TU_ADV_SCH Member=Component R108
Added Member To Class: ClassName=U_TU_ADV_SCH Member=Component R109
Added Member To Class: ClassName=U_TU_ADV_SCH Member=Component R110
Added Member To Class: ClassName=U_TU_ADV_SCH Member=Component R112
Added Member To Class: ClassName=U_TU_ADV_SCH Member=Component R113
Added Member To Class: ClassName=U_TU_ADV_SCH Member=Component R114
Added Member To Class: ClassName=U_TU_ADV_SCH Member=Component R116
Added Member To Class: ClassName=U_TU_ADV_SCH Member=Component R117
Added Member To Class: ClassName=U_TU_ADV_SCH Member=Component R118
Added Member To Class: ClassName=U_TU_ADV_SCH Member=Component R120
Added Member To Class: ClassName=U_TU_ADV_SCH Member=Component R121
Added Member To Class: ClassName=U_TU_ADV_SCH Member=Component R122
Added Member To Class: ClassName=U_TU_ADV_SCH Member=Component R124
Added Member To Class: ClassName=U_TU_ADV_SCH Member=Component R125
Added Member To Class: ClassName=U_TU_ADV_SCH Member=Component R126
Added Member To Class: ClassName=U_TU_ADV_SCH Member=Component R128
Added Member To Class: ClassName=U_TU_ADV_SCH Member=Component R129
Added Member To Class: ClassName=U_TU_ADV_SCH Member=Component R130
Added Member To Class: ClassName=U_TU_ADV_SCH Member=Component R132
Added Member To Class: ClassName=U_TU_ADV_SCH Member=Component R133
Added Member To Class: ClassName=U_TU_ADV_SCH Member=Component R134
Added Member To Class: ClassName=U_TU_ADV_SCH Member=Component R136
Added Member To Class: ClassName=U_TU_ADV_SCH Member=Component R137
Added Member To Class: ClassName=U_TU_ADV_SCH Member=Component R138
Added Member To Class: ClassName=U_TU_ADV_SCH Member=Component R140
Added Member To Class: ClassName=U_TU_ADV_SCH Member=Component R141
Added Member To Class: ClassName=U_TU_ADV_SCH Member=Component R142
Added Member To Class: ClassName=U_TU_ADV_SCH Member=Component R144
Added Member To Class: ClassName=U_TU_ADV_SCH Member=Component R145
Added Member To Class: ClassName=U_TU_ADV_SCH Member=Component R146
Added Member To Class: ClassName=U_TU_ADV_SCH Member=Component R147
Added Member To Class: ClassName=U_TU_ADV_SCH Member=Component R148
Added Member To Class: ClassName=U_TU_ADV_SCH Member=Component TVS1 SMBJ16A
Added Member To Class: ClassName=U_TU_ADV_SCH Member=Component TVS2 SMBJ16A
Added Member To Class: ClassName=U_TU_ADV_SCH Member=Component TVS3 SMBJ16A
Added Member To Class: ClassName=U_TU_ADV_SCH Member=Component TVS4 SMBJ16A
Added Member To Class: ClassName=U_TU_ADV_SCH Member=Component TVS5 SMBJ16A
Added Member To Class: ClassName=U_TU_ADV_SCH Member=Component TVS6 SMBJ16A
Added Member To Class: ClassName=U_TU_ADV_SCH Member=Component TVS7 SMBJ16A
Added Member To Class: ClassName=U_TU_ADV_SCH Member=Component TVS8 SMBJ16A
Added Member To Class: ClassName=U_TU_ADV_SCH Member=Component TVS9 SMBJ16A
Added Member To Class: ClassName=U_TU_ADV_SCH Member=Component TVS10 SMBJ16A
Added Member To Class: ClassName=U_TU_ADV_SCH Member=Component TVS11 SMBJ16A
Added Member To Class: ClassName=U_TU_ADV_SCH Member=Component TVS12 SMBJ16A
Added Member To Class: ClassName=U_TU_ADV_SCH Member=Component TVS13 SMBJ16A
Added Member To Class: ClassName=U_TU_ADV_SCH Member=Component TVS14 SMBJ16A
Added Member To Class: ClassName=U_TU_ADV_SCH Member=Component TVS15 SMBJ16A
Added Member To Class: ClassName=U_TU_ADV_SCH Member=Component TVS16 SMBJ16A
Add Class Member: Failed to add class member : Component U1 LTV-357
Add Class Member: Failed to add class member : Component U2 LTV-357
Added Member To Class: ClassName=U_TU_ADV_SCH Member=Component U3 LTV-357
Added Member To Class: ClassName=U_TU_ADV_SCH Member=Component U4 LTV-357
Added Member To Class: ClassName=U_TU_ADV_SCH Member=Component U5 LTV-357
Added Member To Class: ClassName=U_TU_ADV_SCH Member=Component U6 LTV-357
Added Member To Class: ClassName=U_TU_ADV_SCH Member=Component U7 LTV-357
Added Member To Class: ClassName=U_TU_ADV_SCH Member=Component U8 LTV-357
Added Member To Class: ClassName=U_TU_ADV_SCH Member=Component U9 LTV-357
Added Member To Class: ClassName=U_TU_ADV_SCH Member=Component U10 LTV-357
Added Member To Class: ClassName=U_TU_ADV_SCH Member=Component U11 LTV-357
Added Member To Class: ClassName=U_TU_ADV_SCH Member=Component U12 LTV-357
Added Member To Class: ClassName=U_TU_ADV_SCH Member=Component U13 LTV-357
Added Member To Class: ClassName=U_TU_ADV_SCH Member=Component U14 LTV-357
Add Class Member: Failed to add class member : Component U15 LTV-357
Added Member To Class: ClassName=U_TU_ADV_SCH Member=Component U16 LTV-357
Added Member To Class: ClassName=U_TU_ADV_SCH Member=Component U17 AM1D-1212SH
Added Member To Class: ClassName=U_TU_ADV_SCH Member=Component U18 LTV-357
Added Member To Class: ClassName=U_TU_ADV_SCH Member=Component U19 LTV-357
Added Member To Class: ClassName=U_TU_ADV_SCH Member=Component U20 LTV-357
Added Member To Class: ClassName=U_TU_ADV_SCH Member=Component U21 LTV-357
Added Member To Class: ClassName=U_TU_ADV_SCH Member=Component U22 LTV-357
Added Member To Class: ClassName=U_TU_ADV_SCH Member=Component U23 LTV-357
Added Member To Class: ClassName=U_TU_ADV_SCH Member=Component U24 LTV-357
Added Member To Class: ClassName=U_TU_ADV_SCH Member=Component U25 LTV-357
Added Member To Class: ClassName=U_TU_ADV_SCH Member=Component U26 LTV-357
Added Member To Class: ClassName=U_TU_ADV_SCH Member=Component U27 LTV-357
Added Member To Class: ClassName=U_TU_ADV_SCH Member=Component U28 LTV-357
Added Member To Class: ClassName=U_TU_ADV_SCH Member=Component U29 LTV-357
Added Member To Class: ClassName=U_TU_ADV_SCH Member=Component U30 LTV-357
Added Member To Class: ClassName=U_TU_ADV_SCH Member=Component U31 LTV-357
Added Member To Class: ClassName=U_TU_ADV_SCH Member=Component U32 LTV-357
Added Member To Class: ClassName=U_TU_ADV_SCH Member=Component U33 LTV-357
Added Member To Class: ClassName=U_TU_ADV_SCH Member=Component U34 CD74HC
Added Member To Class: ClassName=U_TU_ADV_SCH Member=Component U35 74HC595
Added Member To Class: ClassName=U_TU_ADV_SCH Member=Component U36 74HC595
Add Class Member: Failed to add class member : Component VD1 CG0603MLC-24LEA
Add Class Member: Failed to add class member : Component VD2 CG0603MLC-24LEA
Add Class Member: Failed to add class member : Component VD3 CG0603MLC-24LEA
Add Class Member: Failed to add class member : Component VD4 CG0603MLC-24LEA
Add Class Member: Failed to add class member : Component VD5 CG0603MLC-24LEA
Add Class Member: Failed to add class member : Component VD6 CG0603MLC-24LEA
Add Class Member: Failed to add class member : Component VD7 CG0603MLC-24LEA
Add Class Member: Failed to add class member : Component VD8 CG0603MLC-24LEA
Add Class Member: Failed to add class member : Component VD9 CG0603MLC-24LEA
Add Class Member: Failed to add class member : Component VD10 CG0603MLC-24LEA
Add Class Member: Failed to add class member : Component VD11 CG0603MLC-24LEA
Add Class Member: Failed to add class member : Component VD12 CG0603MLC-24LEA
Add Class Member: Failed to add class member : Component VD13 CG0603MLC-24LEA
Add Class Member: Failed to add class member : Component VD14 CG0603MLC-24LEA
Add Class Member: Failed to add class member : Component VD15 CG0603MLC-24LEA
Add Class Member: Failed to add class member : Component VD16 CG0603MLC-24LEA
Added Member To Class: ClassName=U_TU_ADV_SCH Member=Component VT1 NX7002
Added Member To Class: ClassName=U_TU_ADV_SCH Member=Component VT2 NX7002
Added Member To Class: ClassName=U_TU_ADV_SCH Member=Component VT3 NX7002
Added Member To Class: ClassName=U_TU_ADV_SCH Member=Component VT4 NX7002
Added Member To Class: ClassName=U_TU_ADV_SCH Member=Component VT5 NX7002
Added Member To Class: ClassName=U_TU_ADV_SCH Member=Component VT6 NX7002
Added Member To Class: ClassName=U_TU_ADV_SCH Member=Component VT7 NX7002
Added Member To Class: ClassName=U_TU_ADV_SCH Member=Component VT8 NX7002
Added Member To Class: ClassName=U_TU_ADV_SCH Member=Component VT9 NX7002
Added Member To Class: ClassName=U_TU_ADV_SCH Member=Component VT10 NX7002
Added Member To Class: ClassName=U_TU_ADV_SCH Member=Component VT11 NX7002
Added Member To Class: ClassName=U_TU_ADV_SCH Member=Component VT12 NX7002
Added Member To Class: ClassName=U_TU_ADV_SCH Member=Component VT13 NX7002
Added Member To Class: ClassName=U_TU_ADV_SCH Member=Component VT14 NX7002
Added Member To Class: ClassName=U_TU_ADV_SCH Member=Component VT15 NX7002
Added Member To Class: ClassName=U_TU_ADV_SCH Member=Component VT16 NX7002
Add Class Member: Failed to add class member : Component XP1 DRB-37F
