Change Footprint: Footprint Not Found LTV-357
Change Footprint: Footprint Not Found LTV-357
Change Footprint: Footprint Not Found KLS2-301R-5.00-02P-2S (DG301R-5.0-02P-12)
Change Footprint: Footprint Not Found 74HC595
Change Footprint: Footprint Not Found 74HC595
Change Footprint: Footprint Not Found AM1D-1212SH
Change Footprint: Footprint Not Found CD74HC
Added Component: Designator=C3(CAP: 0603)
Add component (AddParameter): Name = "Analogue"; Value = ""; VariantName = "[No Variations]"
Add component (AddParameter): Name = "Datasheet"; Value = ""; VariantName = "[No Variations]"
Add component (AddParameter): Name = "HelpURL"; Value = ""; VariantName = "[No Variations]"
Add component (AddParameter): Name = "Manufacturer"; Value = ""; VariantName = "[No Variations]"
Add component (AddParameter): Name = "Package/Case"; Value = "0603"; VariantName = "[No Variations]"
Add component (AddParameter): Name = "Product Category"; Value = "Capacitors"; VariantName = "[No Variations]"
Add component (AddParameter): Name = "Temperature"; Value = "-55...+125°C(-55...+85°C)"; VariantName = "[No Variations]"
Add component (AddParameter): Name = "TypeDielectric"; Value = "X7R(X5R)"; VariantName = "[No Variations]"
Add component (AddParameter): Name = "Value"; Value = "4.7?F"; VariantName = "[No Variations]"
Add component (AddParameter): Name = "Voltage"; Value = "25V"; VariantName = "[No Variations]"
Added Component: Designator=C4(CAP: 0603)
Add component (AddParameter): Name = "Analogue"; Value = ""; VariantName = "[No Variations]"
Add component (AddParameter): Name = "Datasheet"; Value = ""; VariantName = "[No Variations]"
Add component (AddParameter): Name = "HelpURL"; Value = ""; VariantName = "[No Variations]"
Add component (AddParameter): Name = "Manufacturer"; Value = ""; VariantName = "[No Variations]"
Add component (AddParameter): Name = "Package/Case"; Value = "0603"; VariantName = "[No Variations]"
Add component (AddParameter): Name = "Product Category"; Value = "Capacitors"; VariantName = "[No Variations]"
Add component (AddParameter): Name = "Temperature"; Value = "-55...+125°C(-55...+85°C)"; VariantName = "[No Variations]"
Add component (AddParameter): Name = "TypeDielectric"; Value = "X7R(X5R)"; VariantName = "[No Variations]"
Add component (AddParameter): Name = "Value"; Value = "0.1?F"; VariantName = "[No Variations]"
Add component (AddParameter): Name = "Voltage"; Value = "16V"; VariantName = "[No Variations]"
Added Component: Designator=C5(CAP: 1210)
Add component (AddParameter): Name = "HelpURL"; Value = "https://www.digikey.com/product-detail/en/yageo/CC1210KKX7R9BB104/311-4522-1-ND/8025611"; VariantName = "[No Variations]"
Add component (AddParameter): Name = "Manufacturer"; Value = "Yageo"; VariantName = "[No Variations]"
Add component (AddParameter): Name = "Package"; Value = "1210"; VariantName = "[No Variations]"
Add component (AddParameter): Name = "PartNumber"; Value = "CC1210KKX7R9BB104"; VariantName = "[No Variations]"
Add component (AddParameter): Name = "Temperature"; Value = "-55...+125°C"; VariantName = "[No Variations]"
Add component (AddParameter): Name = "Tolerance"; Value = "±10%"; VariantName = "[No Variations]"
Add component (AddParameter): Name = "TypeCapacitor"; Value = "Ceramic capacitor"; VariantName = "[No Variations]"
Add component (AddParameter): Name = "TypeDielectric"; Value = "X7R"; VariantName = "[No Variations]"
Add component (AddParameter): Name = "Value"; Value = "10?F"; VariantName = "[No Variations]"
Add component (AddParameter): Name = "ValueManufacturerPartNumber"; Value = "Ceramic capacitor, 10?F, X7R, ±10%, , 1210, -55...+125°C"; VariantName = "[No Variations]"
Added Component: Designator=C6(CAP: 1210)
Add component (AddParameter): Name = "HelpURL"; Value = "https://www.digikey.com/product-detail/en/yageo/CC1210KKX7R9BB104/311-4522-1-ND/8025611"; VariantName = "[No Variations]"
Add component (AddParameter): Name = "Manufacturer"; Value = "Yageo"; VariantName = "[No Variations]"
Add component (AddParameter): Name = "Package"; Value = "1210"; VariantName = "[No Variations]"
Add component (AddParameter): Name = "PartNumber"; Value = "CC1210KKX7R9BB104"; VariantName = "[No Variations]"
Add component (AddParameter): Name = "Temperature"; Value = "-55...+125°C"; VariantName = "[No Variations]"
Add component (AddParameter): Name = "Tolerance"; Value = "±10%"; VariantName = "[No Variations]"
Add component (AddParameter): Name = "TypeCapacitor"; Value = "Ceramic capacitor"; VariantName = "[No Variations]"
Add component (AddParameter): Name = "TypeDielectric"; Value = "X7R"; VariantName = "[No Variations]"
Add component (AddParameter): Name = "Value"; Value = "10?F"; VariantName = "[No Variations]"
Add component (AddParameter): Name = "ValueManufacturerPartNumber"; Value = "Ceramic capacitor, 10?F, X7R, ±10%, , 1210, -55...+125°C"; VariantName = "[No Variations]"
Added Component: Designator=C7(CAP: 0603)
Add component (AddParameter): Name = "Analogue"; Value = ""; VariantName = "[No Variations]"
Add component (AddParameter): Name = "Datasheet"; Value = ""; VariantName = "[No Variations]"
Add component (AddParameter): Name = "HelpURL"; Value = ""; VariantName = "[No Variations]"
Add component (AddParameter): Name = "Manufacturer"; Value = ""; VariantName = "[No Variations]"
Add component (AddParameter): Name = "Package/Case"; Value = "0603"; VariantName = "[No Variations]"
Add component (AddParameter): Name = "Product Category"; Value = "Capacitors"; VariantName = "[No Variations]"
Add component (AddParameter): Name = "Temperature"; Value = "-55...+125°C(-55...+85°C)"; VariantName = "[No Variations]"
Add component (AddParameter): Name = "TypeDielectric"; Value = "X7R(X5R)"; VariantName = "[No Variations]"
Add component (AddParameter): Name = "Value"; Value = "4.7?F"; VariantName = "[No Variations]"
Add component (AddParameter): Name = "Voltage"; Value = "25V"; VariantName = "[No Variations]"
Added Component: Designator=R6(RES: 0603)
Add component (AddParameter): Name = "Help URL"; Value = "https://www.chipdip.by/product0/9000079736"; VariantName = "[No Variations]"
Add component (AddParameter): Name = "Mount"; Value = "0603"; VariantName = "[No Variations]"
Add component (AddParameter): Name = "Name"; Value = "Resistor"; VariantName = "[No Variations]"
Add component (AddParameter): Name = "Value"; Value = "10K"; VariantName = "[No Variations]"
Added Component: Designator=R7(RES: 0603)
Add component (AddParameter): Name = "Help URL"; Value = "https://www.chipdip.by/product0/9000079719"; VariantName = "[No Variations]"
Add component (AddParameter): Name = "Mount"; Value = "0603"; VariantName = "[No Variations]"
Add component (AddParameter): Name = "Name"; Value = "Resistor"; VariantName = "[No Variations]"
Add component (AddParameter): Name = "Value"; Value = "2K"; VariantName = "[No Variations]"
Added Component: Designator=R8(RES: 0603)
Add component (AddParameter): Name = "Help URL"; Value = "https://www.chipdip.by/product0/9000079676"; VariantName = "[No Variations]"
Add component (AddParameter): Name = "Mount"; Value = "0603"; VariantName = "[No Variations]"
Add component (AddParameter): Name = "Name"; Value = "Resistor"; VariantName = "[No Variations]"
Add component (AddParameter): Name = "Value"; Value = "1K"; VariantName = "[No Variations]"
Added Component: Designator=R9(RES: 0603)
Add component (AddParameter): Name = "Help URL"; Value = "https://www.chipdip.by/product0/9000079736"; VariantName = "[No Variations]"
Add component (AddParameter): Name = "Mount"; Value = "0603"; VariantName = "[No Variations]"
Add component (AddParameter): Name = "Name"; Value = "Resistor"; VariantName = "[No Variations]"
Add component (AddParameter): Name = "Value"; Value = "10K"; VariantName = "[No Variations]"
Add Component: Footprint Not Found LTV-357
Add Component: Footprint Not Found LTV-357
Add Component: Footprint Not Found LTV-357
Added Component: Designator=U38(LQFP-64)
Add component (AddParameter): Name = "Analogue"; Value = ""; VariantName = "[No Variations]"
Add component (AddParameter): Name = "Datasheet"; Value = "https://www.st.com/resource/en/datasheet/stm32f030r8.pdf"; VariantName = "[No Variations]"
Add component (AddParameter): Name = "HelpURL"; Value = "https://eu.mouser.com/ProductDetail/STMicroelectronics/STM32F030R8T6TR?qs=s5SkPsIz10%252B%252B1w15QiyTpQ%3D%3D"; VariantName = "[No Variations]"
Add component (AddParameter): Name = "Manufacturer"; Value = "STMicroelectronics"; VariantName = "[No Variations]"
Add component (AddParameter): Name = "Package/Case"; Value = "LQFP-64"; VariantName = "[No Variations]"
Add component (AddParameter): Name = "Product Category"; Value = "Microcontrollers"; VariantName = "[No Variations]"
Add component (AddParameter): Name = "Value"; Value = ""; VariantName = "[No Variations]"
Add Component: Footprint Not Found CG0603MLC-24LEA
Add Component: Footprint Not Found CG0603MLC-24LEA
Add Component: Footprint Not Found CG0603MLC-24LEA
Add Component: Footprint Not Found CG0603MLC-24LEA
Add Component: Footprint Not Found CG0603MLC-24LEA
Add Component: Footprint Not Found CG0603MLC-24LEA
Add Component: Footprint Not Found CG0603MLC-24LEA
Add Component: Footprint Not Found CG0603MLC-24LEA
Add Component: Footprint Not Found CG0603MLC-24LEA
Add Component: Footprint Not Found CG0603MLC-24LEA
Add Component: Footprint Not Found CG0603MLC-24LEA
Add Component: Footprint Not Found CG0603MLC-24LEA
Add Component: Footprint Not Found CG0603MLC-24LEA
Add Component: Footprint Not Found CG0603MLC-24LEA
Add Component: Footprint Not Found CG0603MLC-24LEA
Add Component: Footprint Not Found CG0603MLC-24LEA
Add Component: Footprint Not Found DRB-37F
Added Pin To Net: NetName=GND Pin=C3-1
Added Pin To Net: NetName=VCC_3.3V_CLEAR Pin=C3-2
Added Pin To Net: NetName=GND Pin=C4-1
Added Pin To Net: NetName=VCC_3.3V_CLEAR Pin=C4-2
Added Pin To Net: NetName=GND Pin=C5-1
Added Pin To Net: NetName=+5V Pin=C5-2
Added Pin To Net: NetName=GND Pin=C6-1
Added Pin To Net: NetName=VCC_3.3V_CLEAR Pin=C6-2
Added Pin To Net: NetName=GND Pin=C7-1
Added Pin To Net: NetName=VCC_3.3V_CLEAR Pin=C7-2
Added Pin To Net: NetName=GPIO_TU_2 Pin=R6-1
Added Pin To Net: NetName=GND Pin=R6-2
Added Pin To Net: NetName=NetR7_1 Pin=R7-1
Added Pin To Net: NetName=NetR7_2 Pin=R7-2
Added Pin To Net: NetName=GND Pin=R8-1
Added Pin To Net: NetName=NetR8_2 Pin=R8-2
Added Pin To Net: NetName=GND Pin=R9-1
Added Pin To Net: NetName=NetR7_1 Pin=R9-2
Add Pin To Net: Unknown Pin: Pin U1-1
Add Pin To Net: Unknown Pin: Pin U1-2
Add Pin To Net: Unknown Pin: Pin U1-3
Add Pin To Net: Unknown Pin: Pin U1-4
Add Pin To Net: Unknown Pin: Pin U2-1
Add Pin To Net: Unknown Pin: Pin U2-2
Add Pin To Net: Unknown Pin: Pin U2-3
Add Pin To Net: Unknown Pin: Pin U2-4
Add Pin To Net: Unknown Pin: Pin U15-1
Add Pin To Net: Unknown Pin: Pin U15-2
Add Pin To Net: Unknown Pin: Pin U15-3
Add Pin To Net: Unknown Pin: Pin U15-4
Add Pin To Net: Unknown Pin: Pin U34-5
Add Pin To Net: Unknown Pin: Pin U34-6
Add Pin To Net: Unknown Pin: Pin U34-7
Add Pin To Net: Unknown Pin: Pin U34-8
Add Pin To Net: Unknown Pin: Pin U34-9
Add Pin To Net: Unknown Pin: Pin U34-10
Add Pin To Net: Unknown Pin: Pin U34-11
Add Pin To Net: Unknown Pin: Pin U34-12
Add Pin To Net: Unknown Pin: Pin U34-13
Add Pin To Net: Unknown Pin: Pin U34-14
Add Pin To Net: Unknown Pin: Pin U34-15
Add Pin To Net: Unknown Pin: Pin U34-16
Add Pin To Net: Unknown Pin: Pin U34-17
Add Pin To Net: Unknown Pin: Pin U34-18
Add Pin To Net: Unknown Pin: Pin U34-19
Add Pin To Net: Unknown Pin: Pin U34-20
Add Pin To Net: Unknown Pin: Pin U34-21
Add Pin To Net: Unknown Pin: Pin U34-22
Add Pin To Net: Unknown Pin: Pin U34-23
Add Pin To Net: Unknown Pin: Pin U34-24
Add Pin To Net: Unknown Pin: Pin U35-5
Add Pin To Net: Unknown Pin: Pin U35-6
Add Pin To Net: Unknown Pin: Pin U35-7
Add Pin To Net: Unknown Pin: Pin U35-8
Add Pin To Net: Unknown Pin: Pin U35-10
Add Pin To Net: Unknown Pin: Pin U35-11
Add Pin To Net: Unknown Pin: Pin U35-12
Add Pin To Net: Unknown Pin: Pin U35-13
Add Pin To Net: Unknown Pin: Pin U35-14
Add Pin To Net: Unknown Pin: Pin U35-15
Add Pin To Net: Unknown Pin: Pin U35-16
Add Pin To Net: Unknown Pin: Pin U36-5
Add Pin To Net: Unknown Pin: Pin U36-6
Add Pin To Net: Unknown Pin: Pin U36-7
Add Pin To Net: Unknown Pin: Pin U36-8
Add Pin To Net: Unknown Pin: Pin U36-10
Add Pin To Net: Unknown Pin: Pin U36-11
Add Pin To Net: Unknown Pin: Pin U36-12
Add Pin To Net: Unknown Pin: Pin U36-13
Add Pin To Net: Unknown Pin: Pin U36-14
Add Pin To Net: Unknown Pin: Pin U36-15
Add Pin To Net: Unknown Pin: Pin U36-16
Added Pin To Net: NetName=VCC_3.3V_CLEAR Pin=U38-1
Added Pin To Net: NetName=NetR151_2 Pin=U38-7
Added Pin To Net: NetName=GND Pin=U38-12
Added Pin To Net: NetName=VCC_3.3V_CLEAR Pin=U38-13
Added Pin To Net: NetName=NetR145_2 Pin=U38-19
Added Pin To Net: NetName=NetR146_2 Pin=U38-20
Added Pin To Net: NetName=SPI1_SCK Pin=U38-21
Added Pin To Net: NetName=SPI1_MOSI Pin=U38-23
Added Pin To Net: NetName=S3 Pin=U38-24
Added Pin To Net: NetName=S2 Pin=U38-25
Added Pin To Net: NetName=NetU34_1 Pin=U38-26
Added Pin To Net: NetName=NetU34_10 Pin=U38-27
Added Pin To Net: NetName=NetU34_11 Pin=U38-29
Added Pin To Net: NetName=GND Pin=U38-31
Added Pin To Net: NetName=VCC_3.3V_CLEAR Pin=U38-32
Added Pin To Net: NetName=SPI2_NSS Pin=U38-33
Added Pin To Net: NetName=SPI2_SCK Pin=U38-34
Added Pin To Net: NetName=SPI2_MISO Pin=U38-35
Added Pin To Net: NetName=SPI2_MOSI Pin=U38-36
Added Pin To Net: NetName=SWDIO Pin=U38-46
Added Pin To Net: NetName=SWCLK Pin=U38-49
Added Pin To Net: NetName=GND Pin=U38-60
Added Pin To Net: NetName=GND Pin=U38-63
Added Pin To Net: NetName=VCC_3.3V_CLEAR Pin=U38-64
Add Pin To Net: Unknown Pin: Pin VD1-1
Add Pin To Net: Unknown Pin: Pin VD1-2
Add Pin To Net: Unknown Pin: Pin VD2-1
Add Pin To Net: Unknown Pin: Pin VD2-2
Add Pin To Net: Unknown Pin: Pin VD3-1
Add Pin To Net: Unknown Pin: Pin VD3-2
Add Pin To Net: Unknown Pin: Pin VD4-1
Add Pin To Net: Unknown Pin: Pin VD4-2
Add Pin To Net: Unknown Pin: Pin VD5-1
Add Pin To Net: Unknown Pin: Pin VD5-2
Add Pin To Net: Unknown Pin: Pin VD6-1
Add Pin To Net: Unknown Pin: Pin VD6-2
Add Pin To Net: Unknown Pin: Pin VD7-1
Add Pin To Net: Unknown Pin: Pin VD7-2
Add Pin To Net: Unknown Pin: Pin VD8-1
Add Pin To Net: Unknown Pin: Pin VD8-2
Add Pin To Net: Unknown Pin: Pin VD9-1
Add Pin To Net: Unknown Pin: Pin VD9-2
Add Pin To Net: Unknown Pin: Pin VD10-1
Add Pin To Net: Unknown Pin: Pin VD10-2
Add Pin To Net: Unknown Pin: Pin VD11-1
Add Pin To Net: Unknown Pin: Pin VD11-2
Add Pin To Net: Unknown Pin: Pin VD12-1
Add Pin To Net: Unknown Pin: Pin VD12-2
Add Pin To Net: Unknown Pin: Pin VD13-1
Add Pin To Net: Unknown Pin: Pin VD13-2
Add Pin To Net: Unknown Pin: Pin VD14-1
Add Pin To Net: Unknown Pin: Pin VD14-2
Add Pin To Net: Unknown Pin: Pin VD15-1
Add Pin To Net: Unknown Pin: Pin VD15-2
Add Pin To Net: Unknown Pin: Pin VD16-1
Add Pin To Net: Unknown Pin: Pin VD16-2
Add Pin To Net: Unknown Pin: Pin XP1-1
Add Pin To Net: Unknown Pin: Pin XP1-2
Add Pin To Net: Unknown Pin: Pin XP1-3
Add Pin To Net: Unknown Pin: Pin XP1-4
Add Pin To Net: Unknown Pin: Pin XP1-5
Add Pin To Net: Unknown Pin: Pin XP1-6
Add Pin To Net: Unknown Pin: Pin XP1-7
Add Pin To Net: Unknown Pin: Pin XP1-8
Add Pin To Net: Unknown Pin: Pin XP1-9
Add Pin To Net: Unknown Pin: Pin XP1-11
Add Pin To Net: Unknown Pin: Pin XP1-12
Add Pin To Net: Unknown Pin: Pin XP1-13
Add Pin To Net: Unknown Pin: Pin XP1-14
Add Pin To Net: Unknown Pin: Pin XP1-15
Add Pin To Net: Unknown Pin: Pin XP1-16
Add Pin To Net: Unknown Pin: Pin XP1-17
Add Pin To Net: Unknown Pin: Pin XP1-18
Add Pin To Net: Unknown Pin: Pin XP1-20
Add Pin To Net: Unknown Pin: Pin XP1-21
Add Pin To Net: Unknown Pin: Pin XP1-22
Add Pin To Net: Unknown Pin: Pin XP1-23
Add Pin To Net: Unknown Pin: Pin XP1-24
Add Pin To Net: Unknown Pin: Pin XP1-25
Add Pin To Net: Unknown Pin: Pin XP1-26
Add Pin To Net: Unknown Pin: Pin XP1-27
Add Pin To Net: Unknown Pin: Pin XP1-28
Add Pin To Net: Unknown Pin: Pin XP1-29
Add Pin To Net: Unknown Pin: Pin XP1-30
Add Pin To Net: Unknown Pin: Pin XP1-31
Add Pin To Net: Unknown Pin: Pin XP1-32
Add Pin To Net: Unknown Pin: Pin XP1-33
Add Pin To Net: Unknown Pin: Pin XP1-34
Add Pin To Net: Unknown Pin: Pin XP1-35
Add Pin To Net: Unknown Pin: Pin XP1-36
Add Pin To Net: Unknown Pin: Pin XP1-37
Added Member To Class: ClassName=U_TU_PWR Member=Component C3 Cap_0603
Added Member To Class: ClassName=U_TU_PWR Member=Component C4 Cap_0603
Added Member To Class: ClassName=U_TU_PWR Member=Component C5 Ceramic capacitor, 10?F, X7R, ±10%, , 1210, -55...+125°C
Added Member To Class: ClassName=U_TU_PWR Member=Component C6 Ceramic capacitor, 10?F, X7R, ±10%, , 1210, -55...+125°C
Added Member To Class: ClassName=U_TU_PWR Member=Component C7 Cap_0603
Added Member To Class: ClassName=U_TU_ADV_SCH Member=Component R6
Added Member To Class: ClassName=U_TU_ADV_SCH Member=Component R7
Added Member To Class: ClassName=U_TU_ADV_SCH Member=Component R8
Added Member To Class: ClassName=U_TU_ADV_SCH Member=Component R9
Add Class Member: Failed to add class member : Component U1 LTV-357
Add Class Member: Failed to add class member : Component U2 LTV-357
Add Class Member: Failed to add class member : Component U15 LTV-357
Added Member To Class: ClassName=U_TU_MCU Member=Component U38 STM32F030R8T6TR
Add Class Member: Failed to add class member : Component VD1 CG0603MLC-24LEA
Add Class Member: Failed to add class member : Component VD2 CG0603MLC-24LEA
Add Class Member: Failed to add class member : Component VD3 CG0603MLC-24LEA
Add Class Member: Failed to add class member : Component VD4 CG0603MLC-24LEA
Add Class Member: Failed to add class member : Component VD5 CG0603MLC-24LEA
Add Class Member: Failed to add class member : Component VD6 CG0603MLC-24LEA
Add Class Member: Failed to add class member : Component VD7 CG0603MLC-24LEA
Add Class Member: Failed to add class member : Component VD8 CG0603MLC-24LEA
Add Class Member: Failed to add class member : Component VD9 CG0603MLC-24LEA
Add Class Member: Failed to add class member : Component VD10 CG0603MLC-24LEA
Add Class Member: Failed to add class member : Component VD11 CG0603MLC-24LEA
Add Class Member: Failed to add class member : Component VD12 CG0603MLC-24LEA
Add Class Member: Failed to add class member : Component VD13 CG0603MLC-24LEA
Add Class Member: Failed to add class member : Component VD14 CG0603MLC-24LEA
Add Class Member: Failed to add class member : Component VD15 CG0603MLC-24LEA
Add Class Member: Failed to add class member : Component VD16 CG0603MLC-24LEA
Add Class Member: Failed to add class member : Component XP1 DRB-37F
