Change Component Designator: Old Designator=K? New Designator=K1
Change Component Designator: Old Designator=K? New Designator=K2
Change Component Designator: Old Designator=K? New Designator=K3
Change Component Designator: Old Designator=K? New Designator=K4
Change Component Designator: Old Designator=K? New Designator=K5
Change Component Designator: Old Designator=K? New Designator=K6
Change Component Designator: Old Designator=K? New Designator=K7
Change Component Designator: Old Designator=K? New Designator=K8
Change Component Designator: Old Designator=K? New Designator=K9
Change Component Designator: Old Designator=K? New Designator=K10
Change Component Designator: Old Designator=K? New Designator=K11
Change Component Designator: Old Designator=K? New Designator=K12
Change Component Designator: Old Designator=K? New Designator=K13
Change Component Designator: Old Designator=K? New Designator=K14
Change Component Designator: Old Designator=K? New Designator=K15
Change Component Designator: Old Designator=K? New Designator=K16
Change Component Designator: Old Designator=R? New Designator=R1
Change Component Designator: Old Designator=R? New Designator=R2
Change Component Designator: Old Designator=R? New Designator=R3
Change Component Designator: Old Designator=R? New Designator=R4
Change Component Designator: Old Designator=R? New Designator=R5
Change Component Designator: Old Designator=R? New Designator=R6
Change Component Designator: Old Designator=R? New Designator=R7
Change Component Designator: Old Designator=R? New Designator=R8
Change Component Designator: Old Designator=R? New Designator=R9
Change Component Designator: Old Designator=R? New Designator=R10
Change Component Designator: Old Designator=R? New Designator=R11
Change Component Designator: Old Designator=R? New Designator=R12
Change Component Designator: Old Designator=R? New Designator=R13
Change Component Designator: Old Designator=R? New Designator=R14
Change Component Designator: Old Designator=R? New Designator=R15
Change Component Designator: Old Designator=R? New Designator=R16
Change Component Designator: Old Designator=R? New Designator=R17
Change Component Designator: Old Designator=R? New Designator=R18
Change Component Designator: Old Designator=R? New Designator=R19
Change Component Designator: Old Designator=R? New Designator=R20
Change Component Designator: Old Designator=R? New Designator=R21
Change Component Designator: Old Designator=R? New Designator=R22
Change Component Designator: Old Designator=R? New Designator=R23
Change Component Designator: Old Designator=R? New Designator=R24
Change Component Designator: Old Designator=R? New Designator=R25
Change Component Designator: Old Designator=R? New Designator=R26
Change Component Designator: Old Designator=R? New Designator=R27
Change Component Designator: Old Designator=R? New Designator=R28
Change Component Designator: Old Designator=R? New Designator=R29
Change Component Designator: Old Designator=R? New Designator=R30
Change Component Designator: Old Designator=R? New Designator=R31
Change Component Designator: Old Designator=R? New Designator=R32
Change Component Designator: Old Designator=R? New Designator=R33
Change Component Designator: Old Designator=R? New Designator=R34
Change Component Designator: Old Designator=R? New Designator=R35
Change Component Designator: Old Designator=R? New Designator=R36
Change Component Designator: Old Designator=R? New Designator=R37
Change Component Designator: Old Designator=R? New Designator=R38
Change Component Designator: Old Designator=R? New Designator=R39
Change Component Designator: Old Designator=R? New Designator=R40
Change Component Designator: Old Designator=R? New Designator=R41
Change Component Designator: Old Designator=R? New Designator=R42
Change Component Designator: Old Designator=R? New Designator=R43
Change Component Designator: Old Designator=R? New Designator=R44
Change Component Designator: Old Designator=R? New Designator=R45
Change Component Designator: Old Designator=R? New Designator=R46
Change Component Designator: Old Designator=R? New Designator=R47
Change Component Designator: Old Designator=R? New Designator=R48
Change Component Designator: Old Designator=U? New Designator=U1
Change Component Designator: Old Designator=U? New Designator=U2
Change Component Designator: Old Designator=U? New Designator=U3
Change Component Designator: Old Designator=U? New Designator=U4
Change Component Designator: Old Designator=U? New Designator=U5
Change Component Designator: Old Designator=U? New Designator=U6
Change Component Designator: Old Designator=U? New Designator=U7
Change Component Designator: Old Designator=U? New Designator=U8
Change Component Designator: Old Designator=U? New Designator=U9
Change Component Designator: Old Designator=U? New Designator=U10
Change Component Designator: Old Designator=U? New Designator=U11
Change Component Designator: Old Designator=U? New Designator=U12
Change Component Designator: Old Designator=U? New Designator=U13
Change Component Designator: Old Designator=U? New Designator=U14
Change Component Designator: Old Designator=U? New Designator=U15
Change Component Designator: Old Designator=U? New Designator=U16
Change Component Designator: Old Designator=VD? New Designator=VD1
Change Component Designator: Old Designator=VD? New Designator=VD2
Change Component Designator: Old Designator=VD? New Designator=VD3
Change Component Designator: Old Designator=VD? New Designator=VD4
Change Component Designator: Old Designator=VD? New Designator=VD5
Change Component Designator: Old Designator=VD? New Designator=VD6
Change Component Designator: Old Designator=VD? New Designator=VD7
Change Component Designator: Old Designator=VD? New Designator=VD8
Change Component Designator: Old Designator=VD? New Designator=VD9
Change Component Designator: Old Designator=VD? New Designator=VD10
Change Component Designator: Old Designator=VD? New Designator=VD11
Change Component Designator: Old Designator=VD? New Designator=VD12
Change Component Designator: Old Designator=VD? New Designator=VD13
Change Component Designator: Old Designator=VD? New Designator=VD14
Change Component Designator: Old Designator=VD? New Designator=VD15
Change Component Designator: Old Designator=VD? New Designator=VD16
Change Component Designator: Old Designator=VT? New Designator=VT1
Change Component Designator: Old Designator=VT? New Designator=VT2
Change Component Designator: Old Designator=VT? New Designator=VT3
Change Component Designator: Old Designator=VT? New Designator=VT4
Change Component Designator: Old Designator=VT? New Designator=VT5
Change Component Designator: Old Designator=VT? New Designator=VT6
Change Component Designator: Old Designator=VT? New Designator=VT7
Change Component Designator: Old Designator=VT? New Designator=VT8
Change Component Designator: Old Designator=VT? New Designator=VT9
Change Component Designator: Old Designator=VT? New Designator=VT10
Change Component Designator: Old Designator=VT? New Designator=VT11
Change Component Designator: Old Designator=VT? New Designator=VT12
Change Component Designator: Old Designator=VT? New Designator=VT13
Change Component Designator: Old Designator=VT? New Designator=VT14
Change Component Designator: Old Designator=VT? New Designator=VT15
Change Component Designator: Old Designator=VT? New Designator=VT16
