Change Component Designator: Old Designator=C11 New Designator=C1
Change Component Designator: Old Designator=C12 New Designator=C2
Change Component Designator: Old Designator=R10 New Designator=R1
Change Component Designator: Old Designator=R11 New Designator=R2
Change Component Designator: Old Designator=R12 New Designator=R3
Change Component Designator: Old Designator=R13 New Designator=R4
Change Component Designator: Old Designator=R14 New Designator=R6
Change Component Designator: Old Designator=R15 New Designator=R7
Change Component Designator: Old Designator=R16 New Designator=R8
Change Component Designator: Old Designator=R17 New Designator=R9
Change Component Designator: Old Designator=R18 New Designator=R11
Change Component Designator: Old Designator=R19 New Designator=R12
Change Component Designator: Old Designator=R20 New Designator=R13
Change Component Designator: Old Designator=R21 New Designator=R14
Change Component Designator: Old Designator=R22 New Designator=R16
Change Component Designator: Old Designator=R23 New Designator=R17
Change Component Designator: Old Designator=R24 New Designator=R18
Change Component Designator: Old Designator=R25 New Designator=R19
Change Component Designator: Old Designator=R26 New Designator=R21
Change Component Designator: Old Designator=R27 New Designator=R22
Change Component Designator: Old Designator=R28 New Designator=R23
Change Component Designator: Old Designator=R29 New Designator=R24
Change Component Designator: Old Designator=R30 New Designator=R26
Change Component Designator: Old Designator=R31 New Designator=R27
Change Component Designator: Old Designator=R32 New Designator=R28
Change Component Designator: Old Designator=R33 New Designator=R29
Change Component Designator: Old Designator=R34 New Designator=R31
Change Component Designator: Old Designator=R35 New Designator=R32
Change Component Designator: Old Designator=R36 New Designator=R33
Change Component Designator: Old Designator=R37 New Designator=R34
Change Component Designator: Old Designator=R38 New Designator=R36
Change Component Designator: Old Designator=R39 New Designator=R37
Change Component Designator: Old Designator=R40 New Designator=R38
Change Component Designator: Old Designator=R41 New Designator=R39
Change Component Designator: Old Designator=R42 New Designator=R41
Change Component Designator: Old Designator=R43 New Designator=R42
Change Component Designator: Old Designator=R44 New Designator=R43
Change Component Designator: Old Designator=R45 New Designator=R44
Change Component Designator: Old Designator=R50 New Designator=R51
Change Component Designator: Old Designator=R51 New Designator=R52
Change Component Designator: Old Designator=R52 New Designator=R53
Change Component Designator: Old Designator=R53 New Designator=R54
Change Component Designator: Old Designator=R54 New Designator=R56
Change Component Designator: Old Designator=R55 New Designator=R57
Change Component Designator: Old Designator=R56 New Designator=R58
Change Component Designator: Old Designator=R57 New Designator=R59
Change Component Designator: Old Designator=R58 New Designator=R61
Change Component Designator: Old Designator=R59 New Designator=R5
Change Component Designator: Old Designator=R60 New Designator=R62
Change Component Designator: Old Designator=R61 New Designator=R63
Change Component Designator: Old Designator=R62 New Designator=R64
Change Component Designator: Old Designator=R63 New Designator=R66
Change Component Designator: Old Designator=R64 New Designator=R10
Change Component Designator: Old Designator=R65 New Designator=R67
Change Component Designator: Old Designator=R66 New Designator=R68
Change Component Designator: Old Designator=R67 New Designator=R69
Change Component Designator: Old Designator=R68 New Designator=R71
Change Component Designator: Old Designator=R69 New Designator=R15
Change Component Designator: Old Designator=R70 New Designator=R72
Change Component Designator: Old Designator=R71 New Designator=R73
Change Component Designator: Old Designator=R72 New Designator=R74
Change Component Designator: Old Designator=R73 New Designator=R76
Change Component Designator: Old Designator=R74 New Designator=R20
Change Component Designator: Old Designator=R75 New Designator=R77
Change Component Designator: Old Designator=R76 New Designator=R78
Change Component Designator: Old Designator=R77 New Designator=R79
Change Component Designator: Old Designator=R78 New Designator=R85
Change Component Designator: Old Designator=R79 New Designator=R88
Change Component Designator: Old Designator=R80 New Designator=R89
Change Component Designator: Old Designator=R81 New Designator=R91
Change Component Designator: Old Designator=R82 New Designator=R92
Change Component Designator: Old Designator=R83 New Designator=R93
Change Component Designator: Old Designator=R84 New Designator=R95
Change Component Designator: Old Designator=R85 New Designator=R96
Change Component Designator: Old Designator=R86 New Designator=R97
Change Component Designator: Old Designator=R87 New Designator=R25
Change Component Designator: Old Designator=R88 New Designator=R30
Change Component Designator: Old Designator=R89 New Designator=R35
Change Component Designator: Old Designator=R90 New Designator=R40
Change Component Designator: Old Designator=R91 New Designator=R45
Change Component Designator: Old Designator=R92 New Designator=R50
Change Component Designator: Old Designator=R93 New Designator=R55
Change Component Designator: Old Designator=R94 New Designator=R60
Change Component Designator: Old Designator=R95 New Designator=R65
Change Component Designator: Old Designator=R96 New Designator=R70
Change Component Designator: Old Designator=R97 New Designator=R75
Change Component Designator: Old Designator=R98 New Designator=R80
Change Component Designator: Old Designator=R100 New Designator=R82
Change Component Designator: Old Designator=R101 New Designator=R100
Change Component Designator: Old Designator=R102 New Designator=R101
Change Component Designator: Old Designator=R103 New Designator=R86
Change Component Designator: Old Designator=R104 New Designator=R87
Change Component Designator: Old Designator=R105 New Designator=R103
Change Component Designator: Old Designator=R106 New Designator=R90
Change Component Designator: Old Designator=R107 New Designator=R104
Change Component Designator: Old Designator=R108 New Designator=R105
Change Component Designator: Old Designator=R109 New Designator=R94
Change Component Designator: Old Designator=R110 New Designator=R107
Change Component Designator: Old Designator=R111 New Designator=R108
Change Component Designator: Old Designator=R112 New Designator=R98
Change Component Designator: Old Designator=R113 New Designator=R109
Change Component Designator: Old Designator=R114 New Designator=R111
Change Component Designator: Old Designator=R115 New Designator=R102
Change Component Designator: Old Designator=R116 New Designator=R112
Change Component Designator: Old Designator=R117 New Designator=R113
Change Component Designator: Old Designator=R118 New Designator=R106
Change Component Designator: Old Designator=R119 New Designator=R115
Change Component Designator: Old Designator=R120 New Designator=R116
Change Component Designator: Old Designator=R121 New Designator=R110
Change Component Designator: Old Designator=R122 New Designator=R117
Change Component Designator: Old Designator=R123 New Designator=R119
Change Component Designator: Old Designator=R124 New Designator=R114
Change Component Designator: Old Designator=R125 New Designator=R120
Change Component Designator: Old Designator=R126 New Designator=R121
Change Component Designator: Old Designator=R127 New Designator=R118
Change Component Designator: Old Designator=R128 New Designator=R123
Change Component Designator: Old Designator=R129 New Designator=R124
Change Component Designator: Old Designator=R130 New Designator=R122
Change Component Designator: Old Designator=R131 New Designator=R125
Change Component Designator: Old Designator=R132 New Designator=R127
Change Component Designator: Old Designator=R133 New Designator=R126
Change Component Designator: Old Designator=R134 New Designator=R128
Change Component Designator: Old Designator=R135 New Designator=R129
Change Component Designator: Old Designator=R136 New Designator=R130
Change Component Designator: Old Designator=R137 New Designator=R131
Change Component Designator: Old Designator=R138 New Designator=R132
Change Component Designator: Old Designator=R139 New Designator=R134
Change Component Designator: Old Designator=R140 New Designator=R133
Change Component Designator: Old Designator=R141 New Designator=R135
Change Component Designator: Old Designator=R142 New Designator=R138
Change Component Designator: Old Designator=R143 New Designator=R136
Change Component Designator: Old Designator=R144 New Designator=R137
Change Component Designator: Old Designator=R145 New Designator=R142
Change Component Designator: Old Designator=R146 New Designator=R139
Change Component Designator: Old Designator=R147 New Designator=R140
Change Component Designator: Old Designator=R148 New Designator=R141
Change Component Designator: Old Designator=R149 New Designator=R143
Change Component Designator: Old Designator=R150 New Designator=R144
Change Component Designator: Old Designator=R151 New Designator=R81
Change Component Designator: Old Designator=R152 New Designator=R83
Change Component Designator: Old Designator=R153 New Designator=R84
Change Component Designator: Old Designator=R162 New Designator=R145
Change Component Designator: Old Designator=R163 New Designator=R146
Change Component Designator: Old Designator=R164 New Designator=R147
Change Component Designator: Old Designator=R165 New Designator=R148
Change Component Designator: Old Designator=U3 New Designator=U1
Change Component Designator: Old Designator=U4 New Designator=U2
Change Component Designator: Old Designator=U5 New Designator=U3
Change Component Designator: Old Designator=U6 New Designator=U4
Change Component Designator: Old Designator=U7 New Designator=U5
Change Component Designator: Old Designator=U8 New Designator=U6
Change Component Designator: Old Designator=U9 New Designator=U7
Change Component Designator: Old Designator=U10 New Designator=U8
Change Component Designator: Old Designator=U11 New Designator=U9
Change Component Designator: Old Designator=U12 New Designator=U10
Change Component Designator: Old Designator=U13 New Designator=U11
Change Component Designator: Old Designator=U14 New Designator=U12
Change Component Designator: Old Designator=U15 New Designator=U17
Change Component Designator: Old Designator=U16 New Designator=U13
Change Component Designator: Old Designator=U17 New Designator=U14
Change Component Designator: Old Designator=U18 New Designator=U15
Change Component Designator: Old Designator=U19 New Designator=U16
Change Component Designator: Old Designator=U20 New Designator=U34
Change Component Designator: Old Designator=U21 New Designator=U35
Change Component Designator: Old Designator=U22 New Designator=U18
Change Component Designator: Old Designator=U23 New Designator=U19
Change Component Designator: Old Designator=U24 New Designator=U20
Change Component Designator: Old Designator=U25 New Designator=U21
Change Component Designator: Old Designator=U26 New Designator=U22
Change Component Designator: Old Designator=U27 New Designator=U23
Change Component Designator: Old Designator=U28 New Designator=U24
Change Component Designator: Old Designator=U29 New Designator=U25
Change Component Designator: Old Designator=U30 New Designator=U26
Change Component Designator: Old Designator=U31 New Designator=U27
Change Component Designator: Old Designator=U32 New Designator=U28
Change Component Designator: Old Designator=U33 New Designator=U29
Change Component Designator: Old Designator=U34 New Designator=U30
Change Component Designator: Old Designator=U35 New Designator=U31
Change Component Designator: Old Designator=U36 New Designator=U32
Change Component Designator: Old Designator=U37 New Designator=U33
Change Component Designator: Old Designator=U38 New Designator=U36
Change Component Designator: Old Designator=VD17 New Designator=VD2
Change Component Designator: Old Designator=VD18 New Designator=VD3
Change Component Designator: Old Designator=VD19 New Designator=VD4
Change Component Designator: Old Designator=VD20 New Designator=VD5
Change Component Designator: Old Designator=VD21 New Designator=VD6
Change Component Designator: Old Designator=VD22 New Designator=VD7
Change Component Designator: Old Designator=VD23 New Designator=VD8
Change Component Designator: Old Designator=VD24 New Designator=VD9
Change Component Designator: Old Designator=VD25 New Designator=VD10
Change Component Designator: Old Designator=VD26 New Designator=VD11
Change Component Designator: Old Designator=VD27 New Designator=VD12
Change Component Designator: Old Designator=VD28 New Designator=VD13
Change Component Designator: Old Designator=VD29 New Designator=VD14
Change Component Designator: Old Designator=VD30 New Designator=VD15
Change Component Designator: Old Designator=VD31 New Designator=VD16
Change Component Designator: Old Designator=VD32 New Designator=VD1
Change Component Designator: Old Designator=XP2 New Designator=XP1
Change Component Designator: Old Designator=XP4 New Designator=XP2
