Change Footprint: Footprint Not Found LTV-357
Change Footprint: Footprint Not Found KLS2-301R-5.00-02P-2S (DG301R-5.0-02P-12)
Change Footprint: Footprint Not Found 74HC595
Change Footprint: Footprint Not Found 74HC595
Change Footprint: Footprint Not Found AM1D-1212SH
Change Footprint: Footprint Not Found CD74HC
Add Component: Footprint Not Found LTV-357
Add Component: Footprint Not Found LTV-357
Add Component: Footprint Not Found LTV-357
Add Component: Footprint Not Found LTV-357
Add Component: Footprint Not Found CG0603MLC-24LEA
Add Component: Footprint Not Found CG0603MLC-24LEA
Add Component: Footprint Not Found CG0603MLC-24LEA
Add Component: Footprint Not Found CG0603MLC-24LEA
Add Component: Footprint Not Found CG0603MLC-24LEA
Add Component: Footprint Not Found CG0603MLC-24LEA
Add Component: Footprint Not Found CG0603MLC-24LEA
Add Component: Footprint Not Found CG0603MLC-24LEA
Add Component: Footprint Not Found CG0603MLC-24LEA
Add Component: Footprint Not Found CG0603MLC-24LEA
Add Component: Footprint Not Found CG0603MLC-24LEA
Add Component: Footprint Not Found CG0603MLC-24LEA
Add Component: Footprint Not Found CG0603MLC-24LEA
Add Component: Footprint Not Found CG0603MLC-24LEA
Add Component: Footprint Not Found CG0603MLC-24LEA
Add Component: Footprint Not Found CG0603MLC-24LEA
Add Component: Footprint Not Found DRB-37F
Add Pin To Net: Unknown Pin: Pin U1-1
Add Pin To Net: Unknown Pin: Pin U1-2
Add Pin To Net: Unknown Pin: Pin U1-3
Add Pin To Net: Unknown Pin: Pin U1-4
Add Pin To Net: Unknown Pin: Pin U2-1
Add Pin To Net: Unknown Pin: Pin U2-2
Add Pin To Net: Unknown Pin: Pin U2-3
Add Pin To Net: Unknown Pin: Pin U2-4
Add Pin To Net: Unknown Pin: Pin U15-1
Add Pin To Net: Unknown Pin: Pin U15-2
Add Pin To Net: Unknown Pin: Pin U15-3
Add Pin To Net: Unknown Pin: Pin U15-4
Add Pin To Net: Unknown Pin: Pin U20-1
Add Pin To Net: Unknown Pin: Pin U20-2
Add Pin To Net: Unknown Pin: Pin U20-3
Add Pin To Net: Unknown Pin: Pin U20-4
Add Pin To Net: Unknown Pin: Pin U34-5
Add Pin To Net: Unknown Pin: Pin U34-6
Add Pin To Net: Unknown Pin: Pin U34-7
Add Pin To Net: Unknown Pin: Pin U34-8
Add Pin To Net: Unknown Pin: Pin U34-9
Add Pin To Net: Unknown Pin: Pin U34-10
Add Pin To Net: Unknown Pin: Pin U34-11
Add Pin To Net: Unknown Pin: Pin U34-12
Add Pin To Net: Unknown Pin: Pin U34-13
Add Pin To Net: Unknown Pin: Pin U34-14
Add Pin To Net: Unknown Pin: Pin U34-15
Add Pin To Net: Unknown Pin: Pin U34-16
Add Pin To Net: Unknown Pin: Pin U34-17
Add Pin To Net: Unknown Pin: Pin U34-18
Add Pin To Net: Unknown Pin: Pin U34-19
Add Pin To Net: Unknown Pin: Pin U34-20
Add Pin To Net: Unknown Pin: Pin U34-21
Add Pin To Net: Unknown Pin: Pin U34-22
Add Pin To Net: Unknown Pin: Pin U34-23
Add Pin To Net: Unknown Pin: Pin U34-24
Add Pin To Net: Unknown Pin: Pin U35-5
Add Pin To Net: Unknown Pin: Pin U35-6
Add Pin To Net: Unknown Pin: Pin U35-7
Add Pin To Net: Unknown Pin: Pin U35-8
Add Pin To Net: Unknown Pin: Pin U35-10
Add Pin To Net: Unknown Pin: Pin U35-11
Add Pin To Net: Unknown Pin: Pin U35-12
Add Pin To Net: Unknown Pin: Pin U35-13
Add Pin To Net: Unknown Pin: Pin U35-14
Add Pin To Net: Unknown Pin: Pin U35-15
Add Pin To Net: Unknown Pin: Pin U35-16
Add Pin To Net: Unknown Pin: Pin U36-5
Add Pin To Net: Unknown Pin: Pin U36-6
Add Pin To Net: Unknown Pin: Pin U36-7
Add Pin To Net: Unknown Pin: Pin U36-8
Add Pin To Net: Unknown Pin: Pin U36-10
Add Pin To Net: Unknown Pin: Pin U36-11
Add Pin To Net: Unknown Pin: Pin U36-12
Add Pin To Net: Unknown Pin: Pin U36-13
Add Pin To Net: Unknown Pin: Pin U36-14
Add Pin To Net: Unknown Pin: Pin U36-15
Add Pin To Net: Unknown Pin: Pin U36-16
Add Pin To Net: Unknown Pin: Pin VD1-1
Add Pin To Net: Unknown Pin: Pin VD1-2
Add Pin To Net: Unknown Pin: Pin VD2-1
Add Pin To Net: Unknown Pin: Pin VD2-2
Add Pin To Net: Unknown Pin: Pin VD3-1
Add Pin To Net: Unknown Pin: Pin VD3-2
Add Pin To Net: Unknown Pin: Pin VD4-1
Add Pin To Net: Unknown Pin: Pin VD4-2
Add Pin To Net: Unknown Pin: Pin VD5-1
Add Pin To Net: Unknown Pin: Pin VD5-2
Add Pin To Net: Unknown Pin: Pin VD6-1
Add Pin To Net: Unknown Pin: Pin VD6-2
Add Pin To Net: Unknown Pin: Pin VD7-1
Add Pin To Net: Unknown Pin: Pin VD7-2
Add Pin To Net: Unknown Pin: Pin VD8-1
Add Pin To Net: Unknown Pin: Pin VD8-2
Add Pin To Net: Unknown Pin: Pin VD9-1
Add Pin To Net: Unknown Pin: Pin VD9-2
Add Pin To Net: Unknown Pin: Pin VD10-1
Add Pin To Net: Unknown Pin: Pin VD10-2
Add Pin To Net: Unknown Pin: Pin VD11-1
Add Pin To Net: Unknown Pin: Pin VD11-2
Add Pin To Net: Unknown Pin: Pin VD12-1
Add Pin To Net: Unknown Pin: Pin VD12-2
Add Pin To Net: Unknown Pin: Pin VD13-1
Add Pin To Net: Unknown Pin: Pin VD13-2
Add Pin To Net: Unknown Pin: Pin VD14-1
Add Pin To Net: Unknown Pin: Pin VD14-2
Add Pin To Net: Unknown Pin: Pin VD15-1
Add Pin To Net: Unknown Pin: Pin VD15-2
Add Pin To Net: Unknown Pin: Pin VD16-1
Add Pin To Net: Unknown Pin: Pin VD16-2
Add Pin To Net: Unknown Pin: Pin XP1-1
Add Pin To Net: Unknown Pin: Pin XP1-2
Add Pin To Net: Unknown Pin: Pin XP1-3
Add Pin To Net: Unknown Pin: Pin XP1-4
Add Pin To Net: Unknown Pin: Pin XP1-5
Add Pin To Net: Unknown Pin: Pin XP1-6
Add Pin To Net: Unknown Pin: Pin XP1-7
Add Pin To Net: Unknown Pin: Pin XP1-8
Add Pin To Net: Unknown Pin: Pin XP1-9
Add Pin To Net: Unknown Pin: Pin XP1-11
Add Pin To Net: Unknown Pin: Pin XP1-12
Add Pin To Net: Unknown Pin: Pin XP1-13
Add Pin To Net: Unknown Pin: Pin XP1-14
Add Pin To Net: Unknown Pin: Pin XP1-15
Add Pin To Net: Unknown Pin: Pin XP1-16
Add Pin To Net: Unknown Pin: Pin XP1-17
Add Pin To Net: Unknown Pin: Pin XP1-18
Add Pin To Net: Unknown Pin: Pin XP1-20
Add Pin To Net: Unknown Pin: Pin XP1-21
Add Pin To Net: Unknown Pin: Pin XP1-22
Add Pin To Net: Unknown Pin: Pin XP1-23
Add Pin To Net: Unknown Pin: Pin XP1-24
Add Pin To Net: Unknown Pin: Pin XP1-25
Add Pin To Net: Unknown Pin: Pin XP1-26
Add Pin To Net: Unknown Pin: Pin XP1-27
Add Pin To Net: Unknown Pin: Pin XP1-28
Add Pin To Net: Unknown Pin: Pin XP1-29
Add Pin To Net: Unknown Pin: Pin XP1-30
Add Pin To Net: Unknown Pin: Pin XP1-31
Add Pin To Net: Unknown Pin: Pin XP1-32
Add Pin To Net: Unknown Pin: Pin XP1-33
Add Pin To Net: Unknown Pin: Pin XP1-34
Add Pin To Net: Unknown Pin: Pin XP1-35
Add Pin To Net: Unknown Pin: Pin XP1-36
Add Pin To Net: Unknown Pin: Pin XP1-37
Add Class Member: Failed to add class member : Component U1 LTV-357
Add Class Member: Failed to add class member : Component U2 LTV-357
Add Class Member: Failed to add class member : Component U15 LTV-357
Add Class Member: Failed to add class member : Component U20 LTV-357
Add Class Member: Failed to add class member : Component VD1 CG0603MLC-24LEA
Add Class Member: Failed to add class member : Component VD2 CG0603MLC-24LEA
Add Class Member: Failed to add class member : Component VD3 CG0603MLC-24LEA
Add Class Member: Failed to add class member : Component VD4 CG0603MLC-24LEA
Add Class Member: Failed to add class member : Component VD5 CG0603MLC-24LEA
Add Class Member: Failed to add class member : Component VD6 CG0603MLC-24LEA
Add Class Member: Failed to add class member : Component VD7 CG0603MLC-24LEA
Add Class Member: Failed to add class member : Component VD8 CG0603MLC-24LEA
Add Class Member: Failed to add class member : Component VD9 CG0603MLC-24LEA
Add Class Member: Failed to add class member : Component VD10 CG0603MLC-24LEA
Add Class Member: Failed to add class member : Component VD11 CG0603MLC-24LEA
Add Class Member: Failed to add class member : Component VD12 CG0603MLC-24LEA
Add Class Member: Failed to add class member : Component VD13 CG0603MLC-24LEA
Add Class Member: Failed to add class member : Component VD14 CG0603MLC-24LEA
Add Class Member: Failed to add class member : Component VD15 CG0603MLC-24LEA
Add Class Member: Failed to add class member : Component VD16 CG0603MLC-24LEA
Add Class Member: Failed to add class member : Component XP1 DRB-37F
